[2019-04-17 11:56:04] Ziki.NOTICE: E_NOTICE: Undefined variable: twig {"code":8,"message":"Undefined variable: twig","file":"C:\\xampp\\htdocs\\ziki\\index.php","line":41} []
[2019-04-17 11:56:04] Ziki.ERROR: Uncaught Exception Error: "Call to a member function render() on null" at C:\xampp\htdocs\ziki\index.php line 41 {"exception":"[object] (Error(code: 0): Call to a member function render() on null at C:\\xampp\\htdocs\\ziki\\index.php:41)"} []
[2019-04-17 11:56:04] Ziki.NOTICE: E_NOTICE: Undefined variable: twig {"code":8,"message":"Undefined variable: twig","file":"C:\\xampp\\htdocs\\ziki\\index.php","line":41} []
[2019-04-17 11:56:04] Ziki.ERROR: Uncaught Exception Error: "Call to a member function render() on null" at C:\xampp\htdocs\ziki\index.php line 41 {"exception":"[object] (Error(code: 0): Call to a member function render() on null at C:\\xampp\\htdocs\\ziki\\index.php:41)"} []
[2019-04-17 15:15:15] Ziki.ERROR: Uncaught Exception Error: "Call to undefined method Twig::render()" at C:\Users\INNOCENT\Documents\Work\p\ziki\index.php line 37 {"exception":"[object] (Error(code: 0): Call to undefined method Twig::render() at C:\\Users\\INNOCENT\\Documents\\Work\\p\\ziki\\index.php:37)"} []
[2019-04-17 15:23:16] Ziki.NOTICE: E_NOTICE: Undefined variable: twig {"code":8,"message":"Undefined variable: twig","file":"C:\\Users\\INNOCENT\\Documents\\Work\\p\\ziki\\index.php","line":25} []
[2019-04-17 15:24:58] Ziki.NOTICE: E_NOTICE: Undefined variable: twig {"code":8,"message":"Undefined variable: twig","file":"C:\\Users\\INNOCENT\\Documents\\Work\\p\\ziki\\index.php","line":37} []
[2019-04-17 15:24:58] Ziki.ERROR: Uncaught Exception Error: "Call to a member function render() on null" at C:\Users\INNOCENT\Documents\Work\p\ziki\index.php line 37 {"exception":"[object] (Error(code: 0): Call to a member function render() on null at C:\\Users\\INNOCENT\\Documents\\Work\\p\\ziki\\index.php:37)"} []
[2019-04-23 11:36:38] Ziki.ERROR: Uncaught Exception Error: "Class 'Route' not found" at C:\Users\Amujodotun\OneDrive\WorkForce\ziki\router.php line 3 {"exception":"[object] (Error(code: 0): Class 'Route' not found at C:\\Users\\Amujodotun\\OneDrive\\WorkForce\\ziki\\router.php:3)"} []
[2019-04-23 11:36:39] Ziki.ERROR: Uncaught Exception Error: "Class 'Route' not found" at C:\Users\Amujodotun\OneDrive\WorkForce\ziki\router.php line 3 {"exception":"[object] (Error(code: 0): Class 'Route' not found at C:\\Users\\Amujodotun\\OneDrive\\WorkForce\\ziki\\router.php:3)"} []
[2019-04-23 11:36:39] Ziki.ERROR: Uncaught Exception Error: "Class 'Route' not found" at C:\Users\Amujodotun\OneDrive\WorkForce\ziki\router.php line 3 {"exception":"[object] (Error(code: 0): Class 'Route' not found at C:\\Users\\Amujodotun\\OneDrive\\WorkForce\\ziki\\router.php:3)"} []
[2019-04-23 11:36:40] Ziki.ERROR: Uncaught Exception Error: "Class 'Route' not found" at C:\Users\Amujodotun\OneDrive\WorkForce\ziki\router.php line 3 {"exception":"[object] (Error(code: 0): Class 'Route' not found at C:\\Users\\Amujodotun\\OneDrive\\WorkForce\\ziki\\router.php:3)"} []
[2019-04-23 11:36:47] Ziki.ERROR: Uncaught Exception Error: "Class 'Route' not found" at C:\Users\Amujodotun\OneDrive\WorkForce\ziki\router.php line 3 {"exception":"[object] (Error(code: 0): Class 'Route' not found at C:\\Users\\Amujodotun\\OneDrive\\WorkForce\\ziki\\router.php:3)"} []
[2019-04-23 11:36:48] Ziki.ERROR: Uncaught Exception Error: "Class 'Route' not found" at C:\Users\Amujodotun\OneDrive\WorkForce\ziki\router.php line 3 {"exception":"[object] (Error(code: 0): Class 'Route' not found at C:\\Users\\Amujodotun\\OneDrive\\WorkForce\\ziki\\router.php:3)"} []
[2019-04-23 11:38:06] Ziki.ERROR: Uncaught Exception Error: "Class 'Route' not found" at C:\Users\Amujodotun\OneDrive\WorkForce\ziki\router.php line 3 {"exception":"[object] (Error(code: 0): Class 'Route' not found at C:\\Users\\Amujodotun\\OneDrive\\WorkForce\\ziki\\router.php:3)"} []
[2019-04-23 11:38:07] Ziki.ERROR: Uncaught Exception Error: "Class 'Route' not found" at C:\Users\Amujodotun\OneDrive\WorkForce\ziki\router.php line 3 {"exception":"[object] (Error(code: 0): Class 'Route' not found at C:\\Users\\Amujodotun\\OneDrive\\WorkForce\\ziki\\router.php:3)"} []
[2019-04-23 11:38:07] Ziki.ERROR: Uncaught Exception Error: "Class 'Route' not found" at C:\Users\Amujodotun\OneDrive\WorkForce\ziki\router.php line 3 {"exception":"[object] (Error(code: 0): Class 'Route' not found at C:\\Users\\Amujodotun\\OneDrive\\WorkForce\\ziki\\router.php:3)"} []
[2019-04-23 11:38:07] Ziki.ERROR: Uncaught Exception Error: "Class 'Route' not found" at C:\Users\Amujodotun\OneDrive\WorkForce\ziki\router.php line 3 {"exception":"[object] (Error(code: 0): Class 'Route' not found at C:\\Users\\Amujodotun\\OneDrive\\WorkForce\\ziki\\router.php:3)"} []
[2019-04-23 11:38:08] Ziki.ERROR: Uncaught Exception Error: "Class 'Route' not found" at C:\Users\Amujodotun\OneDrive\WorkForce\ziki\router.php line 3 {"exception":"[object] (Error(code: 0): Class 'Route' not found at C:\\Users\\Amujodotun\\OneDrive\\WorkForce\\ziki\\router.php:3)"} []
[2019-04-23 11:38:08] Ziki.ERROR: Uncaught Exception Error: "Class 'Route' not found" at C:\Users\Amujodotun\OneDrive\WorkForce\ziki\router.php line 3 {"exception":"[object] (Error(code: 0): Class 'Route' not found at C:\\Users\\Amujodotun\\OneDrive\\WorkForce\\ziki\\router.php:3)"} []
[2019-04-23 11:38:08] Ziki.ERROR: Uncaught Exception Error: "Class 'Route' not found" at C:\Users\Amujodotun\OneDrive\WorkForce\ziki\router.php line 3 {"exception":"[object] (Error(code: 0): Class 'Route' not found at C:\\Users\\Amujodotun\\OneDrive\\WorkForce\\ziki\\router.php:3)"} []
[2019-04-23 11:38:08] Ziki.ERROR: Uncaught Exception Error: "Class 'Route' not found" at C:\Users\Amujodotun\OneDrive\WorkForce\ziki\router.php line 3 {"exception":"[object] (Error(code: 0): Class 'Route' not found at C:\\Users\\Amujodotun\\OneDrive\\WorkForce\\ziki\\router.php:3)"} []
[2019-04-23 11:39:17] Ziki.ERROR: Uncaught Exception Error: "Class 'Route' not found" at C:\Users\Amujodotun\OneDrive\WorkForce\ziki\router.php line 3 {"exception":"[object] (Error(code: 0): Class 'Route' not found at C:\\Users\\Amujodotun\\OneDrive\\WorkForce\\ziki\\router.php:3)"} []
[2019-04-23 11:39:17] Ziki.ERROR: Uncaught Exception Error: "Class 'Route' not found" at C:\Users\Amujodotun\OneDrive\WorkForce\ziki\router.php line 3 {"exception":"[object] (Error(code: 0): Class 'Route' not found at C:\\Users\\Amujodotun\\OneDrive\\WorkForce\\ziki\\router.php:3)"} []
[2019-04-23 11:39:18] Ziki.ERROR: Uncaught Exception Error: "Class 'Route' not found" at C:\Users\Amujodotun\OneDrive\WorkForce\ziki\router.php line 3 {"exception":"[object] (Error(code: 0): Class 'Route' not found at C:\\Users\\Amujodotun\\OneDrive\\WorkForce\\ziki\\router.php:3)"} []
[2019-04-23 11:39:57] Ziki.ERROR: Uncaught Exception Error: "Class 'Route' not found" at C:\Users\Amujodotun\OneDrive\WorkForce\ziki\router.php line 3 {"exception":"[object] (Error(code: 0): Class 'Route' not found at C:\\Users\\Amujodotun\\OneDrive\\WorkForce\\ziki\\router.php:3)"} []
[2019-04-23 11:39:58] Ziki.ERROR: Uncaught Exception Error: "Class 'Route' not found" at C:\Users\Amujodotun\OneDrive\WorkForce\ziki\router.php line 3 {"exception":"[object] (Error(code: 0): Class 'Route' not found at C:\\Users\\Amujodotun\\OneDrive\\WorkForce\\ziki\\router.php:3)"} []
[2019-04-23 11:39:58] Ziki.ERROR: Uncaught Exception Error: "Class 'Route' not found" at C:\Users\Amujodotun\OneDrive\WorkForce\ziki\router.php line 3 {"exception":"[object] (Error(code: 0): Class 'Route' not found at C:\\Users\\Amujodotun\\OneDrive\\WorkForce\\ziki\\router.php:3)"} []
[2019-04-23 11:39:58] Ziki.ERROR: Uncaught Exception Error: "Class 'Route' not found" at C:\Users\Amujodotun\OneDrive\WorkForce\ziki\router.php line 3 {"exception":"[object] (Error(code: 0): Class 'Route' not found at C:\\Users\\Amujodotun\\OneDrive\\WorkForce\\ziki\\router.php:3)"} []
[2019-04-23 11:39:59] Ziki.ERROR: Uncaught Exception Error: "Class 'Route' not found" at C:\Users\Amujodotun\OneDrive\WorkForce\ziki\router.php line 3 {"exception":"[object] (Error(code: 0): Class 'Route' not found at C:\\Users\\Amujodotun\\OneDrive\\WorkForce\\ziki\\router.php:3)"} []
[2019-04-23 11:39:59] Ziki.ERROR: Uncaught Exception Error: "Class 'Route' not found" at C:\Users\Amujodotun\OneDrive\WorkForce\ziki\router.php line 3 {"exception":"[object] (Error(code: 0): Class 'Route' not found at C:\\Users\\Amujodotun\\OneDrive\\WorkForce\\ziki\\router.php:3)"} []
[2019-04-23 11:39:59] Ziki.ERROR: Uncaught Exception Error: "Class 'Route' not found" at C:\Users\Amujodotun\OneDrive\WorkForce\ziki\router.php line 3 {"exception":"[object] (Error(code: 0): Class 'Route' not found at C:\\Users\\Amujodotun\\OneDrive\\WorkForce\\ziki\\router.php:3)"} []
[2019-04-23 11:41:07] Ziki.ERROR: Uncaught Exception Error: "Class 'Route' not found" at C:\Users\Amujodotun\OneDrive\WorkForce\ziki\router.php line 3 {"exception":"[object] (Error(code: 0): Class 'Route' not found at C:\\Users\\Amujodotun\\OneDrive\\WorkForce\\ziki\\router.php:3)"} []
[2019-04-23 11:41:10] Ziki.ERROR: Uncaught Exception Error: "Class 'Route' not found" at C:\Users\Amujodotun\OneDrive\WorkForce\ziki\router.php line 3 {"exception":"[object] (Error(code: 0): Class 'Route' not found at C:\\Users\\Amujodotun\\OneDrive\\WorkForce\\ziki\\router.php:3)"} []
[2019-04-23 11:41:11] Ziki.ERROR: Uncaught Exception Error: "Class 'Route' not found" at C:\Users\Amujodotun\OneDrive\WorkForce\ziki\router.php line 3 {"exception":"[object] (Error(code: 0): Class 'Route' not found at C:\\Users\\Amujodotun\\OneDrive\\WorkForce\\ziki\\router.php:3)"} []
[2019-04-23 11:41:11] Ziki.ERROR: Uncaught Exception Error: "Class 'Route' not found" at C:\Users\Amujodotun\OneDrive\WorkForce\ziki\router.php line 3 {"exception":"[object] (Error(code: 0): Class 'Route' not found at C:\\Users\\Amujodotun\\OneDrive\\WorkForce\\ziki\\router.php:3)"} []
[2019-04-23 11:41:22] Ziki.ERROR: Uncaught Exception Error: "Class 'Route' not found" at C:\Users\Amujodotun\OneDrive\WorkForce\ziki\router.php line 3 {"exception":"[object] (Error(code: 0): Class 'Route' not found at C:\\Users\\Amujodotun\\OneDrive\\WorkForce\\ziki\\router.php:3)"} []
[2019-04-23 11:50:29] Ziki.ERROR: Uncaught Exception Error: "Class 'Route' not found" at C:\Users\Amujodotun\OneDrive\WorkForce\ziki\router.php line 3 {"exception":"[object] (Error(code: 0): Class 'Route' not found at C:\\Users\\Amujodotun\\OneDrive\\WorkForce\\ziki\\router.php:3)"} []
[2019-04-23 11:50:30] Ziki.ERROR: Uncaught Exception Error: "Class 'Route' not found" at C:\Users\Amujodotun\OneDrive\WorkForce\ziki\router.php line 3 {"exception":"[object] (Error(code: 0): Class 'Route' not found at C:\\Users\\Amujodotun\\OneDrive\\WorkForce\\ziki\\router.php:3)"} []
[2019-04-23 11:50:31] Ziki.ERROR: Uncaught Exception Error: "Class 'Route' not found" at C:\Users\Amujodotun\OneDrive\WorkForce\ziki\router.php line 3 {"exception":"[object] (Error(code: 0): Class 'Route' not found at C:\\Users\\Amujodotun\\OneDrive\\WorkForce\\ziki\\router.php:3)"} []
[2019-04-23 11:50:31] Ziki.ERROR: Uncaught Exception Error: "Class 'Route' not found" at C:\Users\Amujodotun\OneDrive\WorkForce\ziki\router.php line 3 {"exception":"[object] (Error(code: 0): Class 'Route' not found at C:\\Users\\Amujodotun\\OneDrive\\WorkForce\\ziki\\router.php:3)"} []
[2019-04-23 11:50:31] Ziki.ERROR: Uncaught Exception Error: "Class 'Route' not found" at C:\Users\Amujodotun\OneDrive\WorkForce\ziki\router.php line 3 {"exception":"[object] (Error(code: 0): Class 'Route' not found at C:\\Users\\Amujodotun\\OneDrive\\WorkForce\\ziki\\router.php:3)"} []
[2019-04-23 11:50:32] Ziki.ERROR: Uncaught Exception Error: "Class 'Route' not found" at C:\Users\Amujodotun\OneDrive\WorkForce\ziki\router.php line 3 {"exception":"[object] (Error(code: 0): Class 'Route' not found at C:\\Users\\Amujodotun\\OneDrive\\WorkForce\\ziki\\router.php:3)"} []
[2019-04-23 11:50:50] Ziki.ERROR: Uncaught Exception Error: "Class 'Route' not found" at C:\Users\Amujodotun\OneDrive\WorkForce\ziki\router.php line 3 {"exception":"[object] (Error(code: 0): Class 'Route' not found at C:\\Users\\Amujodotun\\OneDrive\\WorkForce\\ziki\\router.php:3)"} []
[2019-04-23 11:50:51] Ziki.ERROR: Uncaught Exception Error: "Class 'Route' not found" at C:\Users\Amujodotun\OneDrive\WorkForce\ziki\router.php line 3 {"exception":"[object] (Error(code: 0): Class 'Route' not found at C:\\Users\\Amujodotun\\OneDrive\\WorkForce\\ziki\\router.php:3)"} []
[2019-04-23 11:50:51] Ziki.ERROR: Uncaught Exception Error: "Class 'Route' not found" at C:\Users\Amujodotun\OneDrive\WorkForce\ziki\router.php line 3 {"exception":"[object] (Error(code: 0): Class 'Route' not found at C:\\Users\\Amujodotun\\OneDrive\\WorkForce\\ziki\\router.php:3)"} []
[2019-04-23 11:59:35] Ziki.ERROR: Uncaught Exception Error: "Class 'Route' not found" at C:\Users\Amujodotun\OneDrive\WorkForce\ziki\router.php line 3 {"exception":"[object] (Error(code: 0): Class 'Route' not found at C:\\Users\\Amujodotun\\OneDrive\\WorkForce\\ziki\\router.php:3)"} []
[2019-04-23 11:59:36] Ziki.ERROR: Uncaught Exception Error: "Class 'Route' not found" at C:\Users\Amujodotun\OneDrive\WorkForce\ziki\router.php line 3 {"exception":"[object] (Error(code: 0): Class 'Route' not found at C:\\Users\\Amujodotun\\OneDrive\\WorkForce\\ziki\\router.php:3)"} []
[2019-04-23 11:59:36] Ziki.ERROR: Uncaught Exception Error: "Class 'Route' not found" at C:\Users\Amujodotun\OneDrive\WorkForce\ziki\router.php line 3 {"exception":"[object] (Error(code: 0): Class 'Route' not found at C:\\Users\\Amujodotun\\OneDrive\\WorkForce\\ziki\\router.php:3)"} []
[2019-04-23 12:11:47] Ziki.ERROR: Uncaught Exception ArgumentCountError: "Too few arguments to function Router::__construct(), 0 passed in C:\Users\Amujodotun\OneDrive\WorkForce\ziki\index.php on line 19 and exactly 1 expected" at C:\Users\Amujodotun\OneDrive\WorkForce\ziki\src\classes\api\Router.php line 13 {"exception":"[object] (ArgumentCountError(code: 0): Too few arguments to function Router::__construct(), 0 passed in C:\\Users\\Amujodotun\\OneDrive\\WorkForce\\ziki\\index.php on line 19 and exactly 1 expected at C:\\Users\\Amujodotun\\OneDrive\\WorkForce\\ziki\\src\\classes\\api\\Router.php:13)"} []
[2019-04-23 12:13:05] Ziki.ERROR: Uncaught Exception ArgumentCountError: "Too few arguments to function Router::__construct(), 0 passed in C:\Users\Amujodotun\OneDrive\WorkForce\ziki\index.php on line 19 and exactly 1 expected" at C:\Users\Amujodotun\OneDrive\WorkForce\ziki\src\classes\api\Router.php line 13 {"exception":"[object] (ArgumentCountError(code: 0): Too few arguments to function Router::__construct(), 0 passed in C:\\Users\\Amujodotun\\OneDrive\\WorkForce\\ziki\\index.php on line 19 and exactly 1 expected at C:\\Users\\Amujodotun\\OneDrive\\WorkForce\\ziki\\src\\classes\\api\\Router.php:13)"} []
[2019-04-23 12:13:29] Ziki.ERROR: Uncaught Exception ArgumentCountError: "Too few arguments to function Router::__construct(), 0 passed in C:\Users\Amujodotun\OneDrive\WorkForce\ziki\index.php on line 19 and exactly 1 expected" at C:\Users\Amujodotun\OneDrive\WorkForce\ziki\src\classes\api\Router.php line 13 {"exception":"[object] (ArgumentCountError(code: 0): Too few arguments to function Router::__construct(), 0 passed in C:\\Users\\Amujodotun\\OneDrive\\WorkForce\\ziki\\index.php on line 19 and exactly 1 expected at C:\\Users\\Amujodotun\\OneDrive\\WorkForce\\ziki\\src\\classes\\api\\Router.php:13)"} []
[2019-04-23 12:13:29] Ziki.ERROR: Uncaught Exception ArgumentCountError: "Too few arguments to function Router::__construct(), 0 passed in C:\Users\Amujodotun\OneDrive\WorkForce\ziki\index.php on line 19 and exactly 1 expected" at C:\Users\Amujodotun\OneDrive\WorkForce\ziki\src\classes\api\Router.php line 13 {"exception":"[object] (ArgumentCountError(code: 0): Too few arguments to function Router::__construct(), 0 passed in C:\\Users\\Amujodotun\\OneDrive\\WorkForce\\ziki\\index.php on line 19 and exactly 1 expected at C:\\Users\\Amujodotun\\OneDrive\\WorkForce\\ziki\\src\\classes\\api\\Router.php:13)"} []
[2019-04-23 19:30:37] Ziki.ERROR: Uncaught Exception Error: "Class 'Route' not found" at C:\xampp\htdocs\ziki\router.php line 3 {"exception":"[object] (Error(code: 0): Class 'Route' not found at C:\\xampp\\htdocs\\ziki\\router.php:3)"} []
[2019-04-23 19:30:39] Ziki.ERROR: Uncaught Exception Error: "Class 'Route' not found" at C:\xampp\htdocs\ziki\router.php line 3 {"exception":"[object] (Error(code: 0): Class 'Route' not found at C:\\xampp\\htdocs\\ziki\\router.php:3)"} []
[2019-04-23 19:31:40] Ziki.ERROR: Uncaught Exception Error: "Class 'Route' not found" at C:\xampp\htdocs\ziki\router.php line 3 {"exception":"[object] (Error(code: 0): Class 'Route' not found at C:\\xampp\\htdocs\\ziki\\router.php:3)"} []
[2019-04-23 19:31:40] Ziki.ERROR: Uncaught Exception Error: "Class 'Route' not found" at C:\xampp\htdocs\ziki\router.php line 3 {"exception":"[object] (Error(code: 0): Class 'Route' not found at C:\\xampp\\htdocs\\ziki\\router.php:3)"} []
[2019-04-23 19:31:41] Ziki.ERROR: Uncaught Exception Error: "Class 'Route' not found" at C:\xampp\htdocs\ziki\router.php line 3 {"exception":"[object] (Error(code: 0): Class 'Route' not found at C:\\xampp\\htdocs\\ziki\\router.php:3)"} []
[2019-04-23 19:32:12] Ziki.ERROR: Uncaught Exception Error: "Class 'Route' not found" at C:\xampp\htdocs\ziki\router.php line 3 {"exception":"[object] (Error(code: 0): Class 'Route' not found at C:\\xampp\\htdocs\\ziki\\router.php:3)"} []
[2019-04-23 19:32:12] Ziki.ERROR: Uncaught Exception Error: "Class 'Route' not found" at C:\xampp\htdocs\ziki\router.php line 3 {"exception":"[object] (Error(code: 0): Class 'Route' not found at C:\\xampp\\htdocs\\ziki\\router.php:3)"} []
[2019-04-23 19:32:13] Ziki.ERROR: Uncaught Exception Error: "Class 'Route' not found" at C:\xampp\htdocs\ziki\router.php line 3 {"exception":"[object] (Error(code: 0): Class 'Route' not found at C:\\xampp\\htdocs\\ziki\\router.php:3)"} []
[2019-04-23 19:32:13] Ziki.ERROR: Uncaught Exception Error: "Class 'Route' not found" at C:\xampp\htdocs\ziki\router.php line 3 {"exception":"[object] (Error(code: 0): Class 'Route' not found at C:\\xampp\\htdocs\\ziki\\router.php:3)"} []
[2019-04-23 19:32:13] Ziki.ERROR: Uncaught Exception Error: "Class 'Route' not found" at C:\xampp\htdocs\ziki\router.php line 3 {"exception":"[object] (Error(code: 0): Class 'Route' not found at C:\\xampp\\htdocs\\ziki\\router.php:3)"} []
[2019-04-23 19:33:57] Ziki.ERROR: Uncaught Exception Error: "Class 'Route' not found" at C:\xampp\htdocs\ziki\router.php line 3 {"exception":"[object] (Error(code: 0): Class 'Route' not found at C:\\xampp\\htdocs\\ziki\\router.php:3)"} []
[2019-04-23 19:34:02] Ziki.ERROR: Uncaught Exception Error: "Class 'Route' not found" at C:\xampp\htdocs\ziki\router.php line 3 {"exception":"[object] (Error(code: 0): Class 'Route' not found at C:\\xampp\\htdocs\\ziki\\router.php:3)"} []
[2019-04-23 19:34:32] Ziki.ERROR: Uncaught Exception Error: "Class 'Route' not found" at C:\xampp\htdocs\ziki\router.php line 3 {"exception":"[object] (Error(code: 0): Class 'Route' not found at C:\\xampp\\htdocs\\ziki\\router.php:3)"} []
[2019-04-23 19:34:32] Ziki.ERROR: Uncaught Exception Error: "Class 'Route' not found" at C:\xampp\htdocs\ziki\router.php line 3 {"exception":"[object] (Error(code: 0): Class 'Route' not found at C:\\xampp\\htdocs\\ziki\\router.php:3)"} []
[2019-04-23 19:34:33] Ziki.ERROR: Uncaught Exception Error: "Class 'Route' not found" at C:\xampp\htdocs\ziki\router.php line 3 {"exception":"[object] (Error(code: 0): Class 'Route' not found at C:\\xampp\\htdocs\\ziki\\router.php:3)"} []
[2019-04-23 19:34:33] Ziki.ERROR: Uncaught Exception Error: "Class 'Route' not found" at C:\xampp\htdocs\ziki\router.php line 3 {"exception":"[object] (Error(code: 0): Class 'Route' not found at C:\\xampp\\htdocs\\ziki\\router.php:3)"} []
[2019-04-23 19:34:33] Ziki.ERROR: Uncaught Exception Error: "Class 'Route' not found" at C:\xampp\htdocs\ziki\router.php line 3 {"exception":"[object] (Error(code: 0): Class 'Route' not found at C:\\xampp\\htdocs\\ziki\\router.php:3)"} []
[2019-04-23 19:34:33] Ziki.ERROR: Uncaught Exception Error: "Class 'Route' not found" at C:\xampp\htdocs\ziki\router.php line 3 {"exception":"[object] (Error(code: 0): Class 'Route' not found at C:\\xampp\\htdocs\\ziki\\router.php:3)"} []
[2019-04-23 19:34:33] Ziki.ERROR: Uncaught Exception Error: "Class 'Route' not found" at C:\xampp\htdocs\ziki\router.php line 3 {"exception":"[object] (Error(code: 0): Class 'Route' not found at C:\\xampp\\htdocs\\ziki\\router.php:3)"} []
[2019-04-23 19:34:34] Ziki.ERROR: Uncaught Exception Error: "Class 'Route' not found" at C:\xampp\htdocs\ziki\router.php line 3 {"exception":"[object] (Error(code: 0): Class 'Route' not found at C:\\xampp\\htdocs\\ziki\\router.php:3)"} []
[2019-04-23 19:34:38] Ziki.ERROR: Uncaught Exception Error: "Class 'Route' not found" at C:\xampp\htdocs\ziki\router.php line 3 {"exception":"[object] (Error(code: 0): Class 'Route' not found at C:\\xampp\\htdocs\\ziki\\router.php:3)"} []
[2019-04-23 19:34:53] Ziki.ERROR: Uncaught Exception Error: "Class 'Route' not found" at C:\xampp\htdocs\ziki\router.php line 3 {"exception":"[object] (Error(code: 0): Class 'Route' not found at C:\\xampp\\htdocs\\ziki\\router.php:3)"} []
[2019-04-23 19:34:54] Ziki.ERROR: Uncaught Exception Error: "Class 'Route' not found" at C:\xampp\htdocs\ziki\router.php line 3 {"exception":"[object] (Error(code: 0): Class 'Route' not found at C:\\xampp\\htdocs\\ziki\\router.php:3)"} []
[2019-04-23 19:35:02] Ziki.ERROR: Uncaught Exception Error: "Class 'Route' not found" at C:\xampp\htdocs\ziki\router.php line 3 {"exception":"[object] (Error(code: 0): Class 'Route' not found at C:\\xampp\\htdocs\\ziki\\router.php:3)"} []
[2019-04-23 19:35:03] Ziki.ERROR: Uncaught Exception Error: "Class 'Route' not found" at C:\xampp\htdocs\ziki\router.php line 3 {"exception":"[object] (Error(code: 0): Class 'Route' not found at C:\\xampp\\htdocs\\ziki\\router.php:3)"} []
[2019-04-23 19:35:46] Ziki.ERROR: Uncaught Exception Error: "Class 'Route' not found" at C:\xampp\htdocs\ziki\router.php line 3 {"exception":"[object] (Error(code: 0): Class 'Route' not found at C:\\xampp\\htdocs\\ziki\\router.php:3)"} []
[2019-04-23 19:35:47] Ziki.ERROR: Uncaught Exception Error: "Class 'Route' not found" at C:\xampp\htdocs\ziki\router.php line 3 {"exception":"[object] (Error(code: 0): Class 'Route' not found at C:\\xampp\\htdocs\\ziki\\router.php:3)"} []
[2019-04-23 19:35:47] Ziki.ERROR: Uncaught Exception Error: "Class 'Route' not found" at C:\xampp\htdocs\ziki\router.php line 3 {"exception":"[object] (Error(code: 0): Class 'Route' not found at C:\\xampp\\htdocs\\ziki\\router.php:3)"} []
[2019-04-23 19:50:35] Ziki.ERROR: Uncaught Exception Error: "Class 'Route' not found" at C:\xampp\htdocs\ziki\router.php line 3 {"exception":"[object] (Error(code: 0): Class 'Route' not found at C:\\xampp\\htdocs\\ziki\\router.php:3)"} []
[2019-04-23 20:51:14] Ziki.ERROR: Uncaught Exception Error: "Class 'Route' not found" at C:\xampp\htdocs\ziki\router.php line 3 {"exception":"[object] (Error(code: 0): Class 'Route' not found at C:\\xampp\\htdocs\\ziki\\router.php:3)"} []
